<?xml version="1.0" encoding="UTF-8"?>
<testsuite xmlns:xsi="http://www.w3.org/2001/XMLSchema-instance" xsi:noNamespaceSchemaLocation="https://maven.apache.org/surefire/maven-surefire-plugin/xsd/surefire-test-report-3.0.xsd" version="3.0" name="org.jfree.data.general.DatasetUtilsTest" time="0.035" tests="60" errors="0" skipped="0" failures="0">
  <properties>
    <property name="java.specification.version" value="20"/>
    <property name="sun.cpu.isalist" value="amd64"/>
    <property name="sun.jnu.encoding" value="Cp1252"/>
    <property name="java.class.path" value="D:\documents\Final_Project\JFreechart\jfreechart-1.5.4\target\test-classes;D:\documents\Final_Project\JFreechart\jfreechart-1.5.4\target\classes;C:\Users\PC\.m2\repository\javax\servlet\servlet-api\2.5\servlet-api-2.5.jar;C:\Users\PC\.m2\repository\org\junit\jupiter\junit-jupiter-api\5.9.1\junit-jupiter-api-5.9.1.jar;C:\Users\PC\.m2\repository\org\opentest4j\opentest4j\1.2.0\opentest4j-1.2.0.jar;C:\Users\PC\.m2\repository\org\junit\platform\junit-platform-commons\1.9.1\junit-platform-commons-1.9.1.jar;C:\Users\PC\.m2\repository\org\apiguardian\apiguardian-api\1.1.2\apiguardian-api-1.1.2.jar;C:\Users\PC\.m2\repository\org\junit\jupiter\junit-jupiter-engine\5.9.1\junit-jupiter-engine-5.9.1.jar;C:\Users\PC\.m2\repository\org\junit\platform\junit-platform-engine\1.9.1\junit-platform-engine-1.9.1.jar;C:\Users\PC\.m2\repository\nl\jqno\equalsverifier\equalsverifier\3.12.3\equalsverifier-3.12.3.jar;C:\Users\PC\.m2\repository\org\objenesis\objenesis\3.3\objenesis-3.3.jar;C:\Users\PC\.m2\repository\net\bytebuddy\byte-buddy\1.12.19\byte-buddy-1.12.19.jar;"/>
    <property name="sun.awt.enableExtraMouseButtons" value="true"/>
    <property name="java.vm.vendor" value="Oracle Corporation"/>
    <property name="sun.arch.data.model" value="64"/>
    <property name="user.variant" value=""/>
    <property name="java.vendor.url" value="https://java.oracle.com/"/>
    <property name="user.timezone" value="Asia/Shanghai"/>
    <property name="os.name" value="Windows 10"/>
    <property name="java.vm.specification.version" value="20"/>
    <property name="sun.java.launcher" value="SUN_STANDARD"/>
    <property name="user.country" value="US"/>
    <property name="sun.boot.library.path" value="C:\Program Files\Java\jdk-20\bin"/>
    <property name="sun.java.command" value="C:\Users\PC\AppData\Local\Temp\surefire4306495664186418915\surefirebooter-20230801232105255_3.jar C:\Users\PC\AppData\Local\Temp\surefire4306495664186418915 2023-08-01T23-21-04_250-jvmRun1 surefire-20230801232105255_1tmp surefire_0-20230801232105255_2tmp"/>
    <property name="jdk.debug" value="release"/>
    <property name="surefire.test.class.path" value="D:\documents\Final_Project\JFreechart\jfreechart-1.5.4\target\test-classes;D:\documents\Final_Project\JFreechart\jfreechart-1.5.4\target\classes;C:\Users\PC\.m2\repository\javax\servlet\servlet-api\2.5\servlet-api-2.5.jar;C:\Users\PC\.m2\repository\org\junit\jupiter\junit-jupiter-api\5.9.1\junit-jupiter-api-5.9.1.jar;C:\Users\PC\.m2\repository\org\opentest4j\opentest4j\1.2.0\opentest4j-1.2.0.jar;C:\Users\PC\.m2\repository\org\junit\platform\junit-platform-commons\1.9.1\junit-platform-commons-1.9.1.jar;C:\Users\PC\.m2\repository\org\apiguardian\apiguardian-api\1.1.2\apiguardian-api-1.1.2.jar;C:\Users\PC\.m2\repository\org\junit\jupiter\junit-jupiter-engine\5.9.1\junit-jupiter-engine-5.9.1.jar;C:\Users\PC\.m2\repository\org\junit\platform\junit-platform-engine\1.9.1\junit-platform-engine-1.9.1.jar;C:\Users\PC\.m2\repository\nl\jqno\equalsverifier\equalsverifier\3.12.3\equalsverifier-3.12.3.jar;C:\Users\PC\.m2\repository\org\objenesis\objenesis\3.3\objenesis-3.3.jar;C:\Users\PC\.m2\repository\net\bytebuddy\byte-buddy\1.12.19\byte-buddy-1.12.19.jar;"/>
    <property name="sun.cpu.endian" value="little"/>
    <property name="user.home" value="C:\Users\PC"/>
    <property name="user.language" value="en"/>
    <property name="java.specification.vendor" value="Oracle Corporation"/>
    <property name="java.version.date" value="2023-04-18"/>
    <property name="java.home" value="C:\Program Files\Java\jdk-20"/>
    <property name="file.separator" value="\"/>
    <property name="basedir" value="D:\documents\Final_Project\JFreechart\jfreechart-1.5.4"/>
    <property name="java.vm.compressedOopsMode" value="Zero based"/>
    <property name="line.separator" value="&#10;"/>
    <property name="java.vm.specification.vendor" value="Oracle Corporation"/>
    <property name="java.specification.name" value="Java Platform API Specification"/>
    <property name="surefire.real.class.path" value="C:\Users\PC\AppData\Local\Temp\surefire4306495664186418915\surefirebooter-20230801232105255_3.jar"/>
    <property name="user.script" value=""/>
    <property name="sun.management.compiler" value="HotSpot 64-Bit Tiered Compilers"/>
    <property name="java.runtime.version" value="20.0.1+9-29"/>
    <property name="user.name" value="PC"/>
    <property name="stdout.encoding" value="Cp1252"/>
    <property name="path.separator" value=";"/>
    <property name="os.version" value="10.0"/>
    <property name="java.runtime.name" value="Java(TM) SE Runtime Environment"/>
    <property name="file.encoding" value="UTF-8"/>
    <property name="java.vm.name" value="Java HotSpot(TM) 64-Bit Server VM"/>
    <property name="localRepository" value="C:\Users\PC\.m2\repository"/>
    <property name="java.vendor.url.bug" value="https://bugreport.java.com/bugreport/"/>
    <property name="java.io.tmpdir" value="C:\Users\PC\AppData\Local\Temp\"/>
    <property name="java.version" value="20.0.1"/>
    <property name="user.dir" value="D:\documents\Final_Project\JFreechart\jfreechart-1.5.4"/>
    <property name="os.arch" value="amd64"/>
    <property name="java.vm.specification.name" value="Java Virtual Machine Specification"/>
    <property name="sun.os.patch.level" value=""/>
    <property name="native.encoding" value="Cp1252"/>
    <property name="java.library.path" value="C:\Program Files\Java\jdk-20\bin;C:\Windows\Sun\Java\bin;C:\Windows\system32;C:\Windows;C:\Users\PC\AppData\Local\Programs\Python\Python311\Scripts\;C:\Users\PC\AppData\Local\Programs\Python\Python311\;C:\Program Files\Common Files\Oracle\Java\javapath;C:\Windows\system32;C:\Windows;C:\Windows\System32\Wbem;C:\Windows\System32\WindowsPowerShell\v1.0\;C:\Windows\System32\OpenSSH\;C:\Program Files\Microsoft SQL Server\150\Tools\Binn\;D:\xampp\php;D:\Git\cmd;C:\Program Files\nodejs\;C:\ProgramData\chocolatey\bin;C:\Program Files\Microsoft SQL Server\Client SDK\ODBC\170\Tools\Binn\;C:\Program Files\dotnet\;C:\Program Files\Maven\apache-maven-3.9.3\bin;C:\Users\PC\AppData\Local\Microsoft\WindowsApps;C:\Users\PC\AppData\Local\Programs\Microsoft VS Code\bin;C:\Users\PC\AppData\Roaming\npm;C:\Users\PC\.dotnet\tools;."/>
    <property name="java.vm.info" value="mixed mode, sharing"/>
    <property name="stderr.encoding" value="Cp1252"/>
    <property name="java.vendor" value="Oracle Corporation"/>
    <property name="java.vm.version" value="20.0.1+9-29"/>
    <property name="sun.io.unicode.encoding" value="UnicodeLittle"/>
    <property name="java.class.version" value="64.0"/>
  </properties>
  <testcase name="testIterateDomainBounds_NaN2" classname="org.jfree.data.general.DatasetUtilsTest" time="0"/>
  <testcase name="testIterateToFindDomainBounds_IntervalXYDataset" classname="org.jfree.data.general.DatasetUtilsTest" time="0.001"/>
  <testcase name="testIterateToFindRangeBounds_StatisticalCategoryDataset" classname="org.jfree.data.general.DatasetUtilsTest" time="0.001"/>
  <testcase name="testFindStackedRangeBoundsForTableXYDataset1" classname="org.jfree.data.general.DatasetUtilsTest" time="0"/>
  <testcase name="testFindStackedRangeBoundsForTableXYDataset2" classname="org.jfree.data.general.DatasetUtilsTest" time="0.001"/>
  <testcase name="testLimitPieDataset" classname="org.jfree.data.general.DatasetUtilsTest" time="0"/>
  <testcase name="testIterateRangeBounds" classname="org.jfree.data.general.DatasetUtilsTest" time="0.001"/>
  <testcase name="testMaximumStackedRangeValue" classname="org.jfree.data.general.DatasetUtilsTest" time="0"/>
  <testcase name="testFindRangeBounds2" classname="org.jfree.data.general.DatasetUtilsTest" time="0.001"/>
  <testcase name="testBug2849731" classname="org.jfree.data.general.DatasetUtilsTest" time="0.002"/>
  <testcase name="testFindYValueNonSorted" classname="org.jfree.data.general.DatasetUtilsTest" time="0.001"/>
  <testcase name="testIterateRangeBounds_CategoryDataset" classname="org.jfree.data.general.DatasetUtilsTest" time="0.001"/>
  <testcase name="testIterateToFindRangeBounds1_XYDataset" classname="org.jfree.data.general.DatasetUtilsTest" time="0"/>
  <testcase name="testIterateRangeBounds2" classname="org.jfree.data.general.DatasetUtilsTest" time="0"/>
  <testcase name="testIterateRangeBounds3" classname="org.jfree.data.general.DatasetUtilsTest" time="0"/>
  <testcase name="testIterateRangeBounds4" classname="org.jfree.data.general.DatasetUtilsTest" time="0"/>
  <testcase name="testCumulativeRange1" classname="org.jfree.data.general.DatasetUtilsTest" time="0"/>
  <testcase name="testCumulativeRange2" classname="org.jfree.data.general.DatasetUtilsTest" time="0"/>
  <testcase name="testCumulativeRange3" classname="org.jfree.data.general.DatasetUtilsTest" time="0"/>
  <testcase name="testJava" classname="org.jfree.data.general.DatasetUtilsTest" time="0"/>
  <testcase name="testFindMinimumRangeValue" classname="org.jfree.data.general.DatasetUtilsTest" time="0"/>
  <testcase name="testFindStackedRangeBounds_CategoryDataset1" classname="org.jfree.data.general.DatasetUtilsTest" time="0"/>
  <testcase name="testFindStackedRangeBounds_CategoryDataset2" classname="org.jfree.data.general.DatasetUtilsTest" time="0"/>
  <testcase name="testFindStackedRangeBounds_CategoryDataset3" classname="org.jfree.data.general.DatasetUtilsTest" time="0.001"/>
  <testcase name="testFindMaximumDomainValue" classname="org.jfree.data.general.DatasetUtilsTest" time="0"/>
  <testcase name="testIterateToFindRangeBounds_BoxAndWhiskerXYDataset" classname="org.jfree.data.general.DatasetUtilsTest" time="0.001"/>
  <testcase name="testIterateRangeBounds2_CategoryDataset" classname="org.jfree.data.general.DatasetUtilsTest" time="0"/>
  <testcase name="testStackedRangeWithMap" classname="org.jfree.data.general.DatasetUtilsTest" time="0.001"/>
  <testcase name="testFindYValue" classname="org.jfree.data.general.DatasetUtilsTest" time="0"/>
  <testcase name="testFindYValueWithDuplicates" classname="org.jfree.data.general.DatasetUtilsTest" time="0"/>
  <testcase name="testFindMaximumStackedRangeValue" classname="org.jfree.data.general.DatasetUtilsTest" time="0"/>
  <testcase name="testFindMinimumStackedRangeValue" classname="org.jfree.data.general.DatasetUtilsTest" time="0"/>
  <testcase name="testFindDomainBounds_NaN" classname="org.jfree.data.general.DatasetUtilsTest" time="0"/>
  <testcase name="testFindRangeBounds" classname="org.jfree.data.general.DatasetUtilsTest" time="0"/>
  <testcase name="testIterateDomainBounds_NaN" classname="org.jfree.data.general.DatasetUtilsTest" time="0.001"/>
  <testcase name="testFindMinimumStackedRangeValue2" classname="org.jfree.data.general.DatasetUtilsTest" time="0"/>
  <testcase name="testSampleFunction2D" classname="org.jfree.data.general.DatasetUtilsTest" time="0.001"/>
  <testcase name="testIterateToFindRangeBounds_MultiValueCategoryDataset" classname="org.jfree.data.general.DatasetUtilsTest" time="0"/>
  <testcase name="testFindMaximumStackedRangeValue2" classname="org.jfree.data.general.DatasetUtilsTest" time="0.001"/>
  <testcase name="testIterateRangeBounds3_CategoryDataset" classname="org.jfree.data.general.DatasetUtilsTest" time="0"/>
  <testcase name="testIsEmptyOrNullXYDataset" classname="org.jfree.data.general.DatasetUtilsTest" time="0.001"/>
  <testcase name="test803660" classname="org.jfree.data.general.DatasetUtilsTest" time="0.001"/>
  <testcase name="testFindMaximumRangeValue" classname="org.jfree.data.general.DatasetUtilsTest" time="0"/>
  <testcase name="testMinMaxRange" classname="org.jfree.data.general.DatasetUtilsTest" time="0.001"/>
  <testcase name="testIterateToFindRangeBounds_IntervalXYDataset" classname="org.jfree.data.general.DatasetUtilsTest" time="0"/>
  <testcase name="testIterateToFindRangeBounds2_XYDataset" classname="org.jfree.data.general.DatasetUtilsTest" time="0"/>
  <testcase name="testCalculatePieDatasetTotal" classname="org.jfree.data.general.DatasetUtilsTest" time="0.001"/>
  <testcase name="testFindRangeBounds_CategoryDataset" classname="org.jfree.data.general.DatasetUtilsTest" time="0.001"/>
  <testcase name="testFindDomainBounds" classname="org.jfree.data.general.DatasetUtilsTest" time="0"/>
  <testcase name="testCreateCategoryDataset1" classname="org.jfree.data.general.DatasetUtilsTest" time="0"/>
  <testcase name="testCreateCategoryDataset2" classname="org.jfree.data.general.DatasetUtilsTest" time="0"/>
  <testcase name="testIterateRangeBounds_IntervalCategoryDataset" classname="org.jfree.data.general.DatasetUtilsTest" time="0.001"/>
  <testcase name="testBug2849731_2" classname="org.jfree.data.general.DatasetUtilsTest" time="0"/>
  <testcase name="testBug2849731_3" classname="org.jfree.data.general.DatasetUtilsTest" time="0.001"/>
  <testcase name="testIterateDomainBounds" classname="org.jfree.data.general.DatasetUtilsTest" time="0"/>
  <testcase name="testCumulativeRange_NaN" classname="org.jfree.data.general.DatasetUtilsTest" time="0"/>
  <testcase name="testFindDomainBounds2" classname="org.jfree.data.general.DatasetUtilsTest" time="0"/>
  <testcase name="testFindDomainBounds3" classname="org.jfree.data.general.DatasetUtilsTest" time="0"/>
  <testcase name="testFindDomainBounds4" classname="org.jfree.data.general.DatasetUtilsTest" time="0"/>
  <testcase name="testFindMinimumDomainValue" classname="org.jfree.data.general.DatasetUtilsTest" time="0"/>
</testsuite>